0 info it worked if it ends with ok
1 verbose cli [ '/home/mypool2/.nvm/versions/node/v4.8.7/bin/node',
1 verbose cli   '/home/mypool2/.nvm/versions/node/v4.8.7/bin/npm',
1 verbose cli   'start' ]
2 info using npm@2.15.11
3 info using node@v4.8.7
4 verbose run-script [ 'prestart', 'start', 'poststart' ]
5 info prestart ulord-pool@0.1.0
6 info start ulord-pool@0.1.0
7 verbose unsafe-perm in lifecycle true
8 info ulord-pool@0.1.0 Failed to exec start script
9 verbose stack Error: ulord-pool@0.1.0 start: `node init.js`
9 verbose stack Exit status 1
9 verbose stack     at EventEmitter.<anonymous> (/home/mypool2/.nvm/versions/node/v4.8.7/lib/node_modules/npm/lib/utils/lifecycle.js:217:16)
9 verbose stack     at emitTwo (events.js:87:13)
9 verbose stack     at EventEmitter.emit (events.js:172:7)
9 verbose stack     at ChildProcess.<anonymous> (/home/mypool2/.nvm/versions/node/v4.8.7/lib/node_modules/npm/lib/utils/spawn.js:24:14)
9 verbose stack     at emitTwo (events.js:87:13)
9 verbose stack     at ChildProcess.emit (events.js:172:7)
9 verbose stack     at maybeClose (internal/child_process.js:862:16)
9 verbose stack     at Process.ChildProcess._handle.onexit (internal/child_process.js:222:5)
10 verbose pkgid ulord-pool@0.1.0
11 verbose cwd /home/mypool2/ulord-node-stratum-pool
12 error Linux 4.4.0-91-generic
13 error argv "/home/mypool2/.nvm/versions/node/v4.8.7/bin/node" "/home/mypool2/.nvm/versions/node/v4.8.7/bin/npm" "start"
14 error node v4.8.7
15 error npm  v2.15.11
16 error code ELIFECYCLE
17 error ulord-pool@0.1.0 start: `node init.js`
17 error Exit status 1
18 error Failed at the ulord-pool@0.1.0 start script 'node init.js'.
18 error This is most likely a problem with the ulord-pool package,
18 error not with npm itself.
18 error Tell the author that this fails on your system:
18 error     node init.js
18 error You can get information on how to open an issue for this project with:
18 error     npm bugs ulord-pool
18 error Or if that isn't available, you can get their info via:
18 error
18 error     npm owner ls ulord-pool
18 error There is likely additional logging output above.
19 verbose exit [ 1, true ]
