2018-05-03 08:41:59 [PPLNT] [ulord] - TimeShare processing setup with redis (127.0.0.1:6379)
2018-05-17 10:41:59 [PPLNT] [ulord] - TimeShare processing setup with redis (127.0.0.1:6379)
2018-05-17 10:42:46 [PPLNT] [ulord] - TimeShare processing setup with redis (127.0.0.1:6379)
2018-05-17 10:50:31 [PPLNT] [ulord] - TimeShare processing setup with redis (127.0.0.1:6379)
2018-05-17 11:30:52 [PPLNT] [ulord] - TimeShare processing setup with redis (127.0.0.1:6379)
2018-05-17 11:31:54 [PPLNT] [ulord] - TimeShare processing setup with redis (127.0.0.1:6379)
2018-05-17 11:43:34 [PPLNT] [ulord] - TimeShare processing setup with redis (127.0.0.1:6379)
2018-05-17 11:49:23 [PPLNT] [ulord] - UjGoeFZc38fcAtAq2Zho9cy62UFeET5DZS joined.
2018-05-17 11:50:18 [PPLNT] [ulord] - UWmAM9W6VsjntZ3bPkp9BBYLCzrS97ayCa joined.
2018-05-17 11:50:55 [PPLNT] [ulord] - UNX28yGpGztd7xd4yFG8XaP9QvDoR7u9r1 joined.
2018-05-17 11:51:23 [PPLNT] [ulord] - UVyn3sYGU2Hftjtmf5vqLAFPFUt9Dzw6WC joined.
2018-05-17 11:53:18 [PPLNT] [ulord] - UWmAM9W6VsjntZ3bPkp9BBYLCzrS97ayCa joined.
2018-05-17 11:53:21 [PPLNT] [ulord] - UjGoeFZc38fcAtAq2Zho9cy62UFeET5DZS joined.
2018-05-17 11:53:21 [PPLNT] [ulord] - UVyn3sYGU2Hftjtmf5vqLAFPFUt9Dzw6WC joined.
2018-05-17 11:53:21 [PPLNT] [ulord] - UNX28yGpGztd7xd4yFG8XaP9QvDoR7u9r1 joined.
2018-05-17 11:53:25 [PPLNT] [ulord] - UVyn3sYGU2Hftjtmf5vqLAFPFUt9Dzw6WC joined.
2018-05-17 11:53:25 [PPLNT] [ulord] - UjGoeFZc38fcAtAq2Zho9cy62UFeET5DZS joined.
2018-05-17 11:53:26 [PPLNT] [ulord] - UNX28yGpGztd7xd4yFG8XaP9QvDoR7u9r1 joined.
2018-05-17 11:53:27 [PPLNT] [ulord] - UWmAM9W6VsjntZ3bPkp9BBYLCzrS97ayCa joined.
2018-05-17 11:59:35 [PPLNT] [ulord] - UjGoeFZc38fcAtAq2Zho9cy62UFeET5DZS joined.
2018-05-17 11:59:36 [PPLNT] [ulord] - UVyn3sYGU2Hftjtmf5vqLAFPFUt9Dzw6WC joined.
2018-05-17 11:59:41 [PPLNT] [ulord] - UNX28yGpGztd7xd4yFG8XaP9QvDoR7u9r1 joined.
2018-05-17 11:59:44 [PPLNT] [ulord] - UWmAM9W6VsjntZ3bPkp9BBYLCzrS97ayCa joined.
2018-05-17 12:00:20 [PPLNT] [ulord] - UjGoeFZc38fcAtAq2Zho9cy62UFeET5DZS joined.
2018-05-17 12:00:20 [PPLNT] [ulord] - UWmAM9W6VsjntZ3bPkp9BBYLCzrS97ayCa joined.
2018-05-17 12:00:23 [PPLNT] [ulord] - UNX28yGpGztd7xd4yFG8XaP9QvDoR7u9r1 joined.
2018-05-17 12:00:26 [PPLNT] [ulord] - UVyn3sYGU2Hftjtmf5vqLAFPFUt9Dzw6WC joined.
2018-05-17 12:06:22 [PPLNT] [ulord] - UjGoeFZc38fcAtAq2Zho9cy62UFeET5DZS joined.
2018-05-17 12:06:23 [PPLNT] [ulord] - UWmAM9W6VsjntZ3bPkp9BBYLCzrS97ayCa joined.
2018-05-17 12:06:25 [PPLNT] [ulord] - UNX28yGpGztd7xd4yFG8XaP9QvDoR7u9r1 joined.
2018-05-17 12:06:26 [PPLNT] [ulord] - UVyn3sYGU2Hftjtmf5vqLAFPFUt9Dzw6WC joined.
2018-05-17 12:07:40 [PPLNT] [ulord] - UVyn3sYGU2Hftjtmf5vqLAFPFUt9Dzw6WC joined.
2018-05-17 12:07:41 [PPLNT] [ulord] - UjGoeFZc38fcAtAq2Zho9cy62UFeET5DZS joined.
2018-05-17 12:07:41 [PPLNT] [ulord] - UNX28yGpGztd7xd4yFG8XaP9QvDoR7u9r1 joined.
2018-05-17 12:07:42 [PPLNT] [ulord] - UWmAM9W6VsjntZ3bPkp9BBYLCzrS97ayCa joined.
2018-05-17 12:19:06 [PPLNT] [ulord] - UjGoeFZc38fcAtAq2Zho9cy62UFeET5DZS joined.
2018-05-17 12:19:07 [PPLNT] [ulord] - UVyn3sYGU2Hftjtmf5vqLAFPFUt9Dzw6WC joined.
2018-05-17 12:19:08 [PPLNT] [ulord] - UWmAM9W6VsjntZ3bPkp9BBYLCzrS97ayCa joined.
2018-05-17 12:19:17 [PPLNT] [ulord] - UNX28yGpGztd7xd4yFG8XaP9QvDoR7u9r1 joined.
2018-05-17 12:25:31 [PPLNT] [ulord] - UWmAM9W6VsjntZ3bPkp9BBYLCzrS97ayCa joined.
2018-05-17 12:25:31 [PPLNT] [ulord] - UjGoeFZc38fcAtAq2Zho9cy62UFeET5DZS joined.
2018-05-17 12:25:32 [PPLNT] [ulord] - UVyn3sYGU2Hftjtmf5vqLAFPFUt9Dzw6WC joined.
2018-05-17 12:25:35 [PPLNT] [ulord] - UNX28yGpGztd7xd4yFG8XaP9QvDoR7u9r1 joined.
2018-05-17 12:26:08 [PPLNT] [ulord] - UWmAM9W6VsjntZ3bPkp9BBYLCzrS97ayCa joined.
2018-05-17 12:26:09 [PPLNT] [ulord] - UVyn3sYGU2Hftjtmf5vqLAFPFUt9Dzw6WC joined.
2018-05-17 12:26:09 [PPLNT] [ulord] - UjGoeFZc38fcAtAq2Zho9cy62UFeET5DZS joined.
2018-05-17 12:26:29 [PPLNT] [ulord] - UNX28yGpGztd7xd4yFG8XaP9QvDoR7u9r1 joined.
2018-05-17 12:27:59 [PPLNT] [ulord] - UVyn3sYGU2Hftjtmf5vqLAFPFUt9Dzw6WC joined.
2018-05-17 12:27:59 [PPLNT] [ulord] - UjGoeFZc38fcAtAq2Zho9cy62UFeET5DZS joined.
2018-05-17 12:28:00 [PPLNT] [ulord] - UNX28yGpGztd7xd4yFG8XaP9QvDoR7u9r1 joined.
2018-05-17 12:28:03 [PPLNT] [ulord] - UWmAM9W6VsjntZ3bPkp9BBYLCzrS97ayCa joined.
2018-05-17 12:28:55 [PPLNT] [ulord] - UNX28yGpGztd7xd4yFG8XaP9QvDoR7u9r1 joined.
2018-05-17 12:28:56 [PPLNT] [ulord] - UjGoeFZc38fcAtAq2Zho9cy62UFeET5DZS joined.
2018-05-17 12:28:57 [PPLNT] [ulord] - UVyn3sYGU2Hftjtmf5vqLAFPFUt9Dzw6WC joined.
2018-05-17 12:29:03 [PPLNT] [ulord] - UWmAM9W6VsjntZ3bPkp9BBYLCzrS97ayCa joined.
2018-05-17 12:32:36 [PPLNT] [ulord] - UjGoeFZc38fcAtAq2Zho9cy62UFeET5DZS joined.
2018-05-17 12:32:38 [PPLNT] [ulord] - UVyn3sYGU2Hftjtmf5vqLAFPFUt9Dzw6WC joined.
2018-05-17 12:32:38 [PPLNT] [ulord] - UWmAM9W6VsjntZ3bPkp9BBYLCzrS97ayCa joined.
2018-05-17 12:32:39 [PPLNT] [ulord] - UNX28yGpGztd7xd4yFG8XaP9QvDoR7u9r1 joined.
2018-05-17 12:36:00 [PPLNT] [ulord] - UjGoeFZc38fcAtAq2Zho9cy62UFeET5DZS joined.
2018-05-17 12:36:02 [PPLNT] [ulord] - UNX28yGpGztd7xd4yFG8XaP9QvDoR7u9r1 joined.
2018-05-17 12:36:03 [PPLNT] [ulord] - UVyn3sYGU2Hftjtmf5vqLAFPFUt9Dzw6WC joined.
2018-05-17 12:36:03 [PPLNT] [ulord] - UWmAM9W6VsjntZ3bPkp9BBYLCzrS97ayCa joined.
2018-05-17 12:44:41 [PPLNT] [ulord] - UjGoeFZc38fcAtAq2Zho9cy62UFeET5DZS joined.
2018-05-17 12:44:42 [PPLNT] [ulord] - UWmAM9W6VsjntZ3bPkp9BBYLCzrS97ayCa joined.
2018-05-17 12:44:42 [PPLNT] [ulord] - UVyn3sYGU2Hftjtmf5vqLAFPFUt9Dzw6WC joined.
2018-05-17 12:44:43 [PPLNT] [ulord] - UNX28yGpGztd7xd4yFG8XaP9QvDoR7u9r1 joined.
2018-05-17 12:48:26 [PPLNT] [ulord] - UjGoeFZc38fcAtAq2Zho9cy62UFeET5DZS joined.
2018-05-17 12:48:27 [PPLNT] [ulord] - UNX28yGpGztd7xd4yFG8XaP9QvDoR7u9r1 joined.
2018-05-17 12:48:27 [PPLNT] [ulord] - UVyn3sYGU2Hftjtmf5vqLAFPFUt9Dzw6WC joined.
2018-05-17 12:48:27 [PPLNT] [ulord] - UWmAM9W6VsjntZ3bPkp9BBYLCzrS97ayCa joined.
2018-05-17 12:50:06 [PPLNT] [ulord] - UjGoeFZc38fcAtAq2Zho9cy62UFeET5DZS joined.
2018-05-17 12:50:07 [PPLNT] [ulord] - UVyn3sYGU2Hftjtmf5vqLAFPFUt9Dzw6WC joined.
2018-05-17 12:50:07 [PPLNT] [ulord] - UWmAM9W6VsjntZ3bPkp9BBYLCzrS97ayCa joined.
2018-05-17 12:50:10 [PPLNT] [ulord] - UNX28yGpGztd7xd4yFG8XaP9QvDoR7u9r1 joined.
2018-05-17 12:55:50 [PPLNT] [ulord] - UjGoeFZc38fcAtAq2Zho9cy62UFeET5DZS joined.
2018-05-17 12:55:50 [PPLNT] [ulord] - UWmAM9W6VsjntZ3bPkp9BBYLCzrS97ayCa joined.
2018-05-17 12:55:51 [PPLNT] [ulord] - UVyn3sYGU2Hftjtmf5vqLAFPFUt9Dzw6WC joined.
2018-05-17 12:55:51 [PPLNT] [ulord] - UNX28yGpGztd7xd4yFG8XaP9QvDoR7u9r1 joined.
2018-05-17 12:58:05 [PPLNT] [ulord] - UjGoeFZc38fcAtAq2Zho9cy62UFeET5DZS joined.
2018-05-17 12:58:05 [PPLNT] [ulord] - UNX28yGpGztd7xd4yFG8XaP9QvDoR7u9r1 joined.
2018-05-17 12:58:06 [PPLNT] [ulord] - UWmAM9W6VsjntZ3bPkp9BBYLCzrS97ayCa joined.
2018-05-17 12:58:06 [PPLNT] [ulord] - UVyn3sYGU2Hftjtmf5vqLAFPFUt9Dzw6WC joined.
2018-05-17 12:58:56 [PPLNT] [ulord] - UNX28yGpGztd7xd4yFG8XaP9QvDoR7u9r1 joined.
2018-05-17 12:58:56 [PPLNT] [ulord] - UVyn3sYGU2Hftjtmf5vqLAFPFUt9Dzw6WC joined.
2018-05-17 12:58:57 [PPLNT] [ulord] - UjGoeFZc38fcAtAq2Zho9cy62UFeET5DZS joined.
2018-05-17 12:58:57 [PPLNT] [ulord] - UWmAM9W6VsjntZ3bPkp9BBYLCzrS97ayCa joined.
2018-05-17 13:02:08 [PPLNT] [ulord] - UNX28yGpGztd7xd4yFG8XaP9QvDoR7u9r1 joined.
2018-05-17 13:02:08 [PPLNT] [ulord] - UjGoeFZc38fcAtAq2Zho9cy62UFeET5DZS joined.
2018-05-17 13:02:09 [PPLNT] [ulord] - UWmAM9W6VsjntZ3bPkp9BBYLCzrS97ayCa joined.
2018-05-17 13:02:15 [PPLNT] [ulord] - UVyn3sYGU2Hftjtmf5vqLAFPFUt9Dzw6WC joined.
2018-05-17 13:02:37 [PPLNT] [ulord] - UjGoeFZc38fcAtAq2Zho9cy62UFeET5DZS joined.
2018-05-17 13:02:37 [PPLNT] [ulord] - UVyn3sYGU2Hftjtmf5vqLAFPFUt9Dzw6WC joined.
2018-05-17 13:02:38 [PPLNT] [ulord] - UNX28yGpGztd7xd4yFG8XaP9QvDoR7u9r1 joined.
2018-05-17 13:02:44 [PPLNT] [ulord] - UWmAM9W6VsjntZ3bPkp9BBYLCzrS97ayCa joined.
2018-05-17 13:07:28 [PPLNT] [ulord] - UNX28yGpGztd7xd4yFG8XaP9QvDoR7u9r1 joined.
2018-05-17 13:07:30 [PPLNT] [ulord] - UWmAM9W6VsjntZ3bPkp9BBYLCzrS97ayCa joined.
2018-05-17 13:07:31 [PPLNT] [ulord] - UjGoeFZc38fcAtAq2Zho9cy62UFeET5DZS joined.
2018-05-17 13:07:34 [PPLNT] [ulord] - UVyn3sYGU2Hftjtmf5vqLAFPFUt9Dzw6WC joined.
2018-05-17 13:11:28 [PPLNT] [ulord] - UjGoeFZc38fcAtAq2Zho9cy62UFeET5DZS joined.
2018-05-17 13:11:28 [PPLNT] [ulord] - UVyn3sYGU2Hftjtmf5vqLAFPFUt9Dzw6WC joined.
2018-05-17 13:11:28 [PPLNT] [ulord] - UWmAM9W6VsjntZ3bPkp9BBYLCzrS97ayCa joined.
2018-05-17 13:11:29 [PPLNT] [ulord] - UNX28yGpGztd7xd4yFG8XaP9QvDoR7u9r1 joined.
2018-05-17 13:14:13 [PPLNT] [ulord] - UVyn3sYGU2Hftjtmf5vqLAFPFUt9Dzw6WC joined.
2018-05-17 13:14:13 [PPLNT] [ulord] - UjGoeFZc38fcAtAq2Zho9cy62UFeET5DZS joined.
2018-05-17 13:14:16 [PPLNT] [ulord] - UWmAM9W6VsjntZ3bPkp9BBYLCzrS97ayCa joined.
2018-05-17 13:14:17 [PPLNT] [ulord] - UNX28yGpGztd7xd4yFG8XaP9QvDoR7u9r1 joined.
2018-05-17 13:17:22 [PPLNT] [ulord] - UjGoeFZc38fcAtAq2Zho9cy62UFeET5DZS joined.
2018-05-17 13:17:22 [PPLNT] [ulord] - UWmAM9W6VsjntZ3bPkp9BBYLCzrS97ayCa joined.
2018-05-17 13:17:23 [PPLNT] [ulord] - UNX28yGpGztd7xd4yFG8XaP9QvDoR7u9r1 joined.
2018-05-17 13:17:24 [PPLNT] [ulord] - UVyn3sYGU2Hftjtmf5vqLAFPFUt9Dzw6WC joined.
2018-05-17 13:18:01 [PPLNT] [ulord] - UjGoeFZc38fcAtAq2Zho9cy62UFeET5DZS joined.
2018-05-17 13:18:02 [PPLNT] [ulord] - UVyn3sYGU2Hftjtmf5vqLAFPFUt9Dzw6WC joined.
2018-05-17 13:18:03 [PPLNT] [ulord] - UWmAM9W6VsjntZ3bPkp9BBYLCzrS97ayCa joined.
2018-05-17 13:18:04 [PPLNT] [ulord] - UNX28yGpGztd7xd4yFG8XaP9QvDoR7u9r1 joined.
2018-05-17 13:22:49 [PPLNT] [ulord] - UVyn3sYGU2Hftjtmf5vqLAFPFUt9Dzw6WC joined.
2018-05-17 13:22:50 [PPLNT] [ulord] - UjGoeFZc38fcAtAq2Zho9cy62UFeET5DZS joined.
2018-05-17 13:22:51 [PPLNT] [ulord] - UWmAM9W6VsjntZ3bPkp9BBYLCzrS97ayCa joined.
2018-05-17 13:22:53 [PPLNT] [ulord] - UNX28yGpGztd7xd4yFG8XaP9QvDoR7u9r1 joined.
2018-05-17 13:25:49 [PPLNT] [ulord] - UWmAM9W6VsjntZ3bPkp9BBYLCzrS97ayCa joined.
2018-05-17 13:25:49 [PPLNT] [ulord] - UVyn3sYGU2Hftjtmf5vqLAFPFUt9Dzw6WC joined.
2018-05-17 13:25:50 [PPLNT] [ulord] - UjGoeFZc38fcAtAq2Zho9cy62UFeET5DZS joined.
2018-05-17 13:25:53 [PPLNT] [ulord] - UNX28yGpGztd7xd4yFG8XaP9QvDoR7u9r1 joined.
2018-05-17 13:38:37 [PPLNT] [ulord] - UjGoeFZc38fcAtAq2Zho9cy62UFeET5DZS joined.
2018-05-17 13:38:37 [PPLNT] [ulord] - UWmAM9W6VsjntZ3bPkp9BBYLCzrS97ayCa joined.
2018-05-17 13:38:37 [PPLNT] [ulord] - UNX28yGpGztd7xd4yFG8XaP9QvDoR7u9r1 joined.
2018-05-17 13:38:37 [PPLNT] [ulord] - UVyn3sYGU2Hftjtmf5vqLAFPFUt9Dzw6WC joined.
2018-05-17 13:39:58 [PPLNT] [ulord] - UWmAM9W6VsjntZ3bPkp9BBYLCzrS97ayCa joined.
2018-05-17 13:39:59 [PPLNT] [ulord] - UjGoeFZc38fcAtAq2Zho9cy62UFeET5DZS joined.
2018-05-17 13:39:59 [PPLNT] [ulord] - UVyn3sYGU2Hftjtmf5vqLAFPFUt9Dzw6WC joined.
2018-05-17 13:40:03 [PPLNT] [ulord] - UNX28yGpGztd7xd4yFG8XaP9QvDoR7u9r1 joined.
2018-05-17 13:41:32 [PPLNT] [ulord] - UjGoeFZc38fcAtAq2Zho9cy62UFeET5DZS joined.
2018-05-17 13:41:32 [PPLNT] [ulord] - UNX28yGpGztd7xd4yFG8XaP9QvDoR7u9r1 joined.
2018-05-17 13:41:35 [PPLNT] [ulord] - UWmAM9W6VsjntZ3bPkp9BBYLCzrS97ayCa joined.
2018-05-17 13:41:36 [PPLNT] [ulord] - UVyn3sYGU2Hftjtmf5vqLAFPFUt9Dzw6WC joined.
2018-05-17 13:42:18 [PPLNT] [ulord] - UWmAM9W6VsjntZ3bPkp9BBYLCzrS97ayCa joined.
2018-05-17 13:42:18 [PPLNT] [ulord] - UjGoeFZc38fcAtAq2Zho9cy62UFeET5DZS joined.
2018-05-17 13:42:18 [PPLNT] [ulord] - UVyn3sYGU2Hftjtmf5vqLAFPFUt9Dzw6WC joined.
2018-05-17 13:42:21 [PPLNT] [ulord] - UNX28yGpGztd7xd4yFG8XaP9QvDoR7u9r1 joined.
2018-05-17 13:59:10 [PPLNT] [ulord] - UjGoeFZc38fcAtAq2Zho9cy62UFeET5DZS joined.
2018-05-17 13:59:11 [PPLNT] [ulord] - UVyn3sYGU2Hftjtmf5vqLAFPFUt9Dzw6WC joined.
2018-05-17 13:59:12 [PPLNT] [ulord] - UNX28yGpGztd7xd4yFG8XaP9QvDoR7u9r1 joined.
2018-05-17 13:59:18 [PPLNT] [ulord] - UWmAM9W6VsjntZ3bPkp9BBYLCzrS97ayCa joined.
2018-05-17 14:00:20 [PPLNT] [ulord] - UNX28yGpGztd7xd4yFG8XaP9QvDoR7u9r1 joined.
2018-05-17 14:00:20 [PPLNT] [ulord] - UVyn3sYGU2Hftjtmf5vqLAFPFUt9Dzw6WC joined.
2018-05-17 14:00:20 [PPLNT] [ulord] - UjGoeFZc38fcAtAq2Zho9cy62UFeET5DZS joined.
2018-05-17 14:00:23 [PPLNT] [ulord] - UWmAM9W6VsjntZ3bPkp9BBYLCzrS97ayCa joined.
2018-05-17 14:00:51 [PPLNT] [ulord] - UjGoeFZc38fcAtAq2Zho9cy62UFeET5DZS joined.
2018-05-17 14:00:51 [PPLNT] [ulord] - UNX28yGpGztd7xd4yFG8XaP9QvDoR7u9r1 joined.
2018-05-17 14:00:52 [PPLNT] [ulord] - UVyn3sYGU2Hftjtmf5vqLAFPFUt9Dzw6WC joined.
2018-05-17 14:00:52 [PPLNT] [ulord] - UWmAM9W6VsjntZ3bPkp9BBYLCzrS97ayCa joined.
